<?xml version="1.0" encoding="UTF-8"?>
<!-- Generated by org.testng.reporters.JUnitReportReporter -->
<testsuite skipped="0" hostname="Kambalapally-PC" name="demo.Test" tests="1" failures="0" timestamp="15 Jun 2018 07:42:07 GMT" time="0.017" errors="0">
  <testcase name="main" time="0.017" classname="demo.Test"/>
</testsuite> <!-- demo.Test -->
